 ---------------------------------------------------------------------------
 ---------------------------------------------------------------------------
       _____             ____           
      |       |\    /|  |    \  |\    /|
      |       | \  / |  |    |  | \  / |
      |---    |  \/  |  |____/  |  \/  |
      |       |      |  |       |      |
      |_____  |      |  |       |      |
 
 ---------------------------------------------------------------------------
 ---------------------------------------------------------------------------
 
 Test EMPM2.2                                                          
 
 parameter read from namelist
 ---------------------------------------------------------------------------
 bl      =    20.000000000000000     
 bl_inte =    20.000000000000000     
 eta     =   1.00000000000000002E-002
 dtur    =    0.0000000000000000     
 dm      =   1.08645580972915649E-312
 dtemp   =   2.36238334454436391E-310
 
 reading initial environmental profile from file:
 ../data/environment.txt                                               
 ---------------------------------------------------------------------------
   pressure        height          mixing ratio  temperature
    (hPa)           (m)             (kg/kg)       (K)
    1012.877690      20.000000       0.017603     298.779480
    1008.315190      60.000000       0.017382     298.367400
    1003.766720     100.000000       0.017267     297.975280
     999.232730     140.000000       0.017207     297.591190
     994.713260     180.000000       0.017173     297.210330
     990.208500     220.000000       0.017148     296.830990
     985.718690     260.000000       0.017122     296.453490
     981.243410     300.000000       0.017090     296.078130
     976.782840     340.000000       0.017048     295.706150
     972.337040     380.000000       0.016987     295.339940
     967.905880     420.000000       0.016894     294.983000
     963.489320     460.000000       0.016754     294.640590
     959.087400     500.000000       0.016555     294.316500
     954.700380     540.000000       0.016292     294.016880
     950.328430     580.000000       0.015988     293.746090
     945.971620     620.000000       0.015695     293.474030
     941.630130     660.000000       0.015427     293.200470
     937.303890     700.000000       0.015183     292.926850
     932.992920     740.000000       0.014950     292.655850
     928.697270     780.000000       0.014723     292.388400
     924.416870     820.000000       0.014495     292.124540
     920.151860     860.000000       0.014268     291.863860
     915.902160     900.000000       0.014041     291.605560
     911.667790     940.000000       0.013816     291.349270
     907.448850     980.000000       0.013594     291.094790
     903.245180    1020.000000       0.013376     290.841520
     899.056820    1060.000000       0.013163     290.588810
     894.883670    1100.000000       0.012955     290.337040
     890.725950    1140.000000       0.012752     290.086430
     886.583440    1180.000000       0.012560     289.835720
     882.456180    1220.000000       0.012374     289.585660
     878.344120    1260.000000       0.012192     289.338560
     874.247500    1300.000000       0.012010     289.097530
     870.166200    1340.000000       0.011821     288.866270
     866.100220    1380.000000       0.011616     288.649200
     862.049930    1420.000000       0.011380     288.451450
     858.015380    1460.000000       0.011097     288.278350
     853.996700    1500.000000       0.010757     288.133580
     849.994200    1540.000000       0.010359     288.019810
     846.008180    1580.000000       0.009898     287.944090
     842.039000    1620.000000       0.009375     287.913640
     838.087040    1660.000000       0.008802     287.929750
     834.152830    1700.000000       0.008206     287.983430
     830.236570    1740.000000       0.007607     288.060820
     826.338620    1780.000000       0.007013     288.149900
     822.458620    1820.000000       0.006432     288.240420
     818.596740    1860.000000       0.005872     288.318540
     814.752500    1900.000000       0.005353     288.363740
     810.925540    1940.000000       0.004903     288.355040
     807.115170    1980.000000       0.004557     288.282680
     803.320620    2020.000000       0.004328     288.149810
     799.541500    2060.000000       0.004196     287.965000
     795.777160    2100.000000       0.004118     287.741490
     792.027400    2140.000000       0.004059     287.498660
     788.292050    2180.000000       0.004007     287.253420
     784.570920    2220.000000       0.003955     287.012970
     780.864200    2260.000000       0.003905     286.775150
     777.171880    2300.000000       0.003856     286.535950
     773.493770    2340.000000       0.003808     286.293730
     769.829900    2380.000000       0.003759     286.049010
     766.180180    2420.000000       0.003711     285.804500
     762.544430    2460.000000       0.003663     285.567230
     758.923100    2500.000000       0.003614     285.345370
     755.316160    2540.000000       0.003566     285.139740
     751.723570    2580.000000       0.003518     284.930940
     748.145320    2620.000000       0.003470     284.696040
     744.580930    2660.000000       0.003421     284.443660
     741.030210    2700.000000       0.003372     284.189360
     737.493290    2740.000000       0.003324     283.935640
     733.969910    2780.000000       0.003275     283.681550
     730.460140    2820.000000       0.003227     283.427120
     726.963930    2860.000000       0.003183     283.172390
     723.481200    2900.000000       0.003147     282.917390
     720.012020    2940.000000       0.003121     282.661650
 
 reading incloud vertical velocity profile from file:
 ../data/cloud_vel.txt                                                 
 ---------------------------------------------------------------------------
   pressure        velocity
    (hPa)           (m/s) 
    1012.878000       1.262150
    1008.315000       1.261150
    1003.767000       1.260150
     999.233000       1.259150
     994.713000       1.258150
     990.209000       1.257150
     985.719000       1.256150
     981.243000       1.255150
     976.783000       1.254150
     972.337000       1.253150
     967.906000       1.252150
     963.489000       1.251150
     959.087000       1.250150
     954.701000       1.249150
     950.329000       1.248150
     945.972000       1.247150
     941.630000       1.246150
     937.304000       1.245150
     932.993000       1.244150
     928.697000       1.243150
     924.417000       1.242150
     920.152000       1.241150
     915.902000       1.240150
     911.668000       1.239150
     907.449000       1.238150
     903.245000       1.237150
     899.057000       1.236150
     894.884000       1.235150
     890.726000       1.234150
     886.583000       1.233150
     882.456000       1.232150
     878.344000       1.231150
     874.248000       1.230150
     870.166000       1.229150
     866.100000       1.228150
     862.050000       1.227150
     858.015000       1.226150
     853.997000       1.225150
     849.994000       1.224150
     846.008000       1.223150
     842.039000       1.222150
     838.087000       1.221150
     834.153000       1.220150
     830.237000       1.219150
     826.339000       1.218150
     822.459000       1.217150
     818.597000       1.216150
     814.752000       1.215150
     810.926000       1.214150
     807.115000       1.213150
     803.321000       1.212150
     799.542000       1.211150
     795.777000       1.210150
     792.027000       1.209150
     788.292000       1.208150
     784.571000       1.207150
     780.864000       1.206150
     777.172000       1.205150
     773.494000       1.204150
     769.830000       1.203150
     766.180000       1.202150
     762.544000       1.201150
     758.923000       1.200150
     755.316000       1.199150
     751.724000       1.198150
     748.145000       1.197150
     744.581000       1.196150
     741.030000       1.196150
     737.493000       1.195150
     733.970000       1.194150
     730.460000       1.193150
     726.964000       1.192150
     723.481000       1.191150
     720.012000       1.190150
 
 cloud base properties (given in namelist):
 qv     =   1.66985600000000012E-002    ! water vapor mixing ratio (kg/kg)
 temp   =    294.29100000000000         ! temperature (K)
 press  =    95908.740000000005         ! pressure (Pa)
 w      =    1.2621500000000001         ! cloud base vertical velocity (m/s)
 height =    0.0000000000000000         ! height (m)
 ---------------------------------------------------------------------------
 
 ngrid =        12000
 just determined time step for diffusion:
 td =   1.49999999999999994E-002
 
 determined time steps 
 ---------------------------------------------------------------------------
 td is greater / equal to tc
 td     =   1.49999999999999994E-002
 tc     =   2.14888272966141355E-004
 dt     =   1.49999999999999994E-002
 dx     =   1.66666666666666677E-003
 mtrip  =           69
 idtrip =            1
 
 time information for recording history data 
 ---------------------------------------------------------------------------
 start time    =    0.0000000000000000     
 end time      =    499.50000000000000     
 time interval =   0.75000000000000000     
 array length of hist. data =          666
 start iteration index      =            0
 end iteration index        =        33300
 ---------------------------------------------------------------------------
 mreal =            1
 
 random number seeds:
 ---------------------------------------------------------------------------
 iseed1 =   1500404612
 iseed2 =   1510404612
 iseed3 =   1520404612
 iseed4 =   1530404612
 iseed5 =   1540404612
 iseed6 =   1550404612
 
 ---------------------------------------------------------------------------
 size_dis.f90: (calculation of size distribution using gamma function)
 mu     =    12.000000000000000     
 lambda =    4.5767892781518107     
 ---------------------------------------------------------------------------
  droplet radius  solute mass     droplet concentration
   (m)             (kg)            (#/domain volume)
    0.50000E-06     0.11220E-17     0.16608E+02
    0.10000E-05     0.11220E-17     0.69984E+03
    0.15000E-05     0.11220E-17     0.93415E+03
    0.20000E-05     0.11220E-17     0.30339E+03
    0.25000E-05     0.11220E-17     0.45421E+02
    0.30000E-05     0.11220E-17     0.41663E+01
 n_drop =         2003
 ---------------------------------------------------------------------------
 initial water vapor, liquid water and total water mixing ratio:
 qv =   1.66985600000000012E-002
 ql =   1.48482126335277938E-006
 qt =   1.67000448212633532E-002
 
 ---------------------------------------------------------------------------
 Starting with assigd
           0 cells have >4 droplets
           0 cells have 4 droplets
           5 cells have 3 droplets
         164 cells have 2 droplets
        1660 cells have 1 droplet
 Leaving assigd
 ---------------------------------------------------------------------------
 iteration =            0
 
 ---------------------------------------------------------------------------
 Starting with fdtime
 dt_entm =    29.626072498312933     
 Leaving fdtime
 ---------------------------------------------------------------------------
 
 vertical velocity (w)             =    1.2501500844955444     
 interpolated height (Z)           =    500.00018310546875     
 interpolated mixing ratio (qv_e)  =   1.65549982339143753E-002
 interpolated temperature (temp_e) =    294.31649780273438     
 
 ---------------------------------------------------------------------------
 Starting with domain
 psigma =   0.10000000000000001     
 ngrid  =        12000
 xn     =        10800
           k       spoint      fpoint
 ---------------------------------------------------------------------------
           1         422        1621
 n_blob_final =            1
 Leaving domain
 ---------------------------------------------------------------------------
 m2(i) = spoint(i) and m3(i) = fpoint(i)
 m4 =        12000
 m6 =        24000
 
 All ccn have the same radius and solute mass (given in namelist)
 ---------------------------------------------------------------------------
  ccn radius (m) =   9.33261300000000064E-008
  ccn mass (kg)  =   9.99999999999999975E-020
  n_ccn          =          192
 ---------------------------------------------------------------------------
  2195    0.93326E-07    0.20429E-08
 ---------------------------------------------------------------------------
